[debug] [2026-03-22T03:44:25.274Z] ----------------------------------------------------------------------
[debug] [2026-03-22T03:44:25.277Z] Command:       C:\Program Files\nodejs\node.exe C:\Users\Owner\AppData\Roaming\npm\node_modules\firebase-tools\lib\bin\firebase.js deploy --only storage --debug
[debug] [2026-03-22T03:44:25.278Z] CLI Version:   15.11.0
[debug] [2026-03-22T03:44:25.278Z] Platform:      win32
[debug] [2026-03-22T03:44:25.278Z] Node Version:  v24.14.0
[debug] [2026-03-22T03:44:25.278Z] Time:          Sat Mar 21 2026 22:44:25 GMT-0500 (Central Daylight Time)
[debug] [2026-03-22T03:44:25.278Z] ----------------------------------------------------------------------
[debug] 
[debug] [2026-03-22T03:44:27.021Z] > command requires scopes: ["email","openid","https://www.googleapis.com/auth/cloudplatformprojects.readonly","https://www.googleapis.com/auth/firebase","https://www.googleapis.com/auth/cloud-platform"]
[debug] [2026-03-22T03:44:27.022Z] > authorizing via signed-in user (gabriel.cheney721@gmail.com)
[debug] [2026-03-22T03:44:27.023Z] [iam] checking project ride-app-dd741 for permissions ["firebase.projects.get","firebaserules.releases.create","firebaserules.releases.update","firebaserules.rulesets.create"]
[debug] [2026-03-22T03:44:27.024Z] Checked if tokens are valid: true, expires at: 1774154566469
[debug] [2026-03-22T03:44:27.024Z] Checked if tokens are valid: true, expires at: 1774154566469
[debug] [2026-03-22T03:44:27.026Z] >>> [apiv2][query] POST https://cloudresourcemanager.googleapis.com/v1/projects/ride-app-dd741:testIamPermissions [none]
[debug] [2026-03-22T03:44:27.027Z] >>> [apiv2][(partial)header] POST https://cloudresourcemanager.googleapis.com/v1/projects/ride-app-dd741:testIamPermissions  x-goog-user-project=ride-app-dd741
[debug] [2026-03-22T03:44:27.027Z] >>> [apiv2][body] POST https://cloudresourcemanager.googleapis.com/v1/projects/ride-app-dd741:testIamPermissions {"permissions":["firebase.projects.get","firebaserules.releases.create","firebaserules.releases.update","firebaserules.rulesets.create"]}
[debug] [2026-03-22T03:44:27.209Z] <<< [apiv2][status] POST https://cloudresourcemanager.googleapis.com/v1/projects/ride-app-dd741:testIamPermissions 200
[debug] [2026-03-22T03:44:27.210Z] <<< [apiv2][body] POST https://cloudresourcemanager.googleapis.com/v1/projects/ride-app-dd741:testIamPermissions {"permissions":["firebase.projects.get","firebaserules.releases.create","firebaserules.releases.update","firebaserules.rulesets.create"]}
[info] 
[info] === Deploying to 'ride-app-dd741'...
[info] 
[info] i  deploying storage 
[info] i  storage: ensuring required API firebasestorage.googleapis.com is enabled... 
[debug] [2026-03-22T03:44:27.213Z] Checked if tokens are valid: true, expires at: 1774154566469
[debug] [2026-03-22T03:44:27.213Z] Checked if tokens are valid: true, expires at: 1774154566469
[debug] [2026-03-22T03:44:27.213Z] >>> [apiv2][query] GET https://serviceusage.googleapis.com/v1/projects/ride-app-dd741/services/firebasestorage.googleapis.com [none]
[debug] [2026-03-22T03:44:27.214Z] >>> [apiv2][(partial)header] GET https://serviceusage.googleapis.com/v1/projects/ride-app-dd741/services/firebasestorage.googleapis.com  x-goog-user-project=ride-app-dd741
[debug] [2026-03-22T03:44:27.496Z] <<< [apiv2][status] GET https://serviceusage.googleapis.com/v1/projects/ride-app-dd741/services/firebasestorage.googleapis.com 200
[debug] [2026-03-22T03:44:27.496Z] <<< [apiv2][body] GET https://serviceusage.googleapis.com/v1/projects/ride-app-dd741/services/firebasestorage.googleapis.com [omitted]
[warn] !  storage: missing required API firebasestorage.googleapis.com. Enabling now... 
[debug] [2026-03-22T03:44:27.497Z] Checked if tokens are valid: true, expires at: 1774154566469
[debug] [2026-03-22T03:44:27.498Z] Checked if tokens are valid: true, expires at: 1774154566469
[debug] [2026-03-22T03:44:27.498Z] >>> [apiv2][query] POST https://serviceusage.googleapis.com/v1/projects/ride-app-dd741/services/firebasestorage.googleapis.com:enable [none]
[debug] [2026-03-22T03:44:27.498Z] >>> [apiv2][(partial)header] POST https://serviceusage.googleapis.com/v1/projects/ride-app-dd741/services/firebasestorage.googleapis.com:enable  x-goog-user-project=ride-app-dd741
[debug] [2026-03-22T03:44:27.745Z] <<< [apiv2][status] POST https://serviceusage.googleapis.com/v1/projects/ride-app-dd741/services/firebasestorage.googleapis.com:enable 200
[debug] [2026-03-22T03:44:27.745Z] <<< [apiv2][body] POST https://serviceusage.googleapis.com/v1/projects/ride-app-dd741/services/firebasestorage.googleapis.com:enable [omitted]
[debug] [2026-03-22T03:44:37.759Z] Checked if tokens are valid: true, expires at: 1774154566469
[debug] [2026-03-22T03:44:37.759Z] Checked if tokens are valid: true, expires at: 1774154566469
[debug] [2026-03-22T03:44:37.760Z] >>> [apiv2][query] GET https://firebasestorage.googleapis.com/v1alpha/projects/ride-app-dd741/defaultBucket [none]
[debug] [2026-03-22T03:44:38.057Z] <<< [apiv2][status] GET https://firebasestorage.googleapis.com/v1alpha/projects/ride-app-dd741/defaultBucket 404
[debug] [2026-03-22T03:44:38.058Z] <<< [apiv2][body] GET https://firebasestorage.googleapis.com/v1alpha/projects/ride-app-dd741/defaultBucket {"error":{"code":404,"message":"Requested entity was not found.","status":"NOT_FOUND"}}
[error] 
[error] Error: Firebase Storage has not been set up on project 'ride-app-dd741'. Go to https://console.firebase.google.com/project/ride-app-dd741/storage and click 'Get Started' to set up Firebase Storage.
